<?xml version="1.0" encoding="UTF-8"?>
<!-- Generated by org.testng.reporters.JUnitReportReporter -->
<testsuite hostname="RATHINASURYA" failures="0" tests="3" name="Practice_package.SampleDataProvider" time="0.038" errors="0" timestamp="2023-01-09T15:22:28 IST" skipped="0">
  <testcase classname="Practice_package.SampleDataProvider" name="travel" time="0.002"/>
  <system-out/>
  <testcase classname="Practice_package.SampleDataProvider" name="travel" time="0.002"/>
  <system-out/>
  <testcase classname="Practice_package.SampleDataProvider" name="travel" time="0.034"/>
  <system-out/>
</testsuite> <!-- Practice_package.SampleDataProvider -->
