<?xml version="1.0" encoding="UTF-8"?>
<!-- Generated by org.testng.reporters.JUnitReportReporter -->
<testsuite hostname="RATHINASURYA" failures="0" tests="4" name="Practice_package.DataProviderTest" time="0.038" errors="0" timestamp="2023-01-09T15:23:18 IST" skipped="0">
  <testcase classname="Practice_package.DataProviderTest" name="readData" time="0.002"/>
  <system-out/>
  <testcase classname="Practice_package.DataProviderTest" name="readData" time="0.005"/>
  <system-out/>
  <testcase classname="Practice_package.DataProviderTest" name="readData" time="0.014"/>
  <system-out/>
  <testcase classname="Practice_package.DataProviderTest" name="readData" time="0.017"/>
  <system-out/>
</testsuite> <!-- Practice_package.DataProviderTest -->
