<?xml version="1.0" encoding="UTF-8"?>
<!-- Generated by org.testng.reporters.JUnitReportReporter -->
<testsuite hostname="RATHINASURYA" failures="0" tests="5" name="Practice_package.SampleTestNG" time="0.008" errors="0" timestamp="2023-01-09T15:22:28 IST" skipped="0">
  <testcase classname="Practice_package.SampleTestNG" name="update" time="0.001"/>
  <system-out/>
  <testcase classname="Practice_package.SampleTestNG" name="create" time="0.002"/>
  <system-out/>
  <testcase classname="Practice_package.SampleTestNG" name="create" time="0.002"/>
  <system-out/>
  <testcase classname="Practice_package.SampleTestNG" name="delete" time="0.001"/>
  <system-out/>
  <testcase classname="Practice_package.SampleTestNG" name="delete" time="0.002"/>
  <system-out/>
</testsuite> <!-- Practice_package.SampleTestNG -->
