<?xml version="1.0" encoding="UTF-8"?>
<!-- Generated by org.testng.reporters.JUnitReportReporter -->
<testsuite hostname="RATHINASURYA" failures="0" tests="2" name="Practice_package.SampleRunner1" time="0.017" errors="0" timestamp="2023-01-10T15:06:02 IST" skipped="0">
  <testcase classname="Practice_package.SampleRunner1" name="sample1" time="0.015"/>
  <system-out/>
  <testcase classname="Practice_package.SampleRunner1" name="sample2" time="0.002"/>
  <system-out/>
</testsuite> <!-- Practice_package.SampleRunner1 -->
