<?xml version="1.0" encoding="UTF-8"?>
<!-- Generated by org.testng.reporters.JUnitReportReporter -->
<testsuite hostname="RATHINASURYA" failures="0" tests="1" name="Practice_package.DiffAnnotation" time="0.001" errors="0" timestamp="2023-01-09T15:22:28 IST" skipped="0">
  <testcase classname="Practice_package.DiffAnnotation" name="createAcc" time="0.001"/>
  <system-out/>
</testsuite> <!-- Practice_package.DiffAnnotation -->
