<?xml version="1.0" encoding="UTF-8"?>
<!-- Generated by org.testng.reporters.JUnitReportReporter -->
<testsuite hostname="RATHINASURYA" failures="0" tests="4" name="Practice_package.Data" time="0.019" errors="0" timestamp="2023-01-09T12:35:12 IST" skipped="0">
  <testcase classname="Practice_package.Data" name="readData" time="0.002"/>
  <system-out/>
  <testcase classname="Practice_package.Data" name="readData" time="0.001"/>
  <system-out/>
  <testcase classname="Practice_package.Data" name="readData" time="0.011"/>
  <system-out/>
  <testcase classname="Practice_package.Data" name="readData" time="0.005"/>
  <system-out/>
</testsuite> <!-- Practice_package.Data -->
