<?xml version="1.0" encoding="UTF-8"?>
<!-- Generated by org.testng.reporters.JUnitReportReporter -->
<testsuite hostname="RATHINASURYA" failures="0" tests="2" name="Practice_package.SampleRunner2" time="0.020" errors="0" timestamp="2023-01-10T15:06:02 IST" skipped="0">
  <testcase classname="Practice_package.SampleRunner2" name="sample3" time="0.015"/>
  <system-out/>
  <testcase classname="Practice_package.SampleRunner2" name="sample4" time="0.005"/>
  <system-out/>
</testsuite> <!-- Practice_package.SampleRunner2 -->
